<?xml version="1.0" encoding="UTF-8"?>
<!-- Generated by org.testng.reporters.JUnitReportReporter -->
<testsuite skipped="0" hostname="360LP030-PC" name="com.imdb.testscripts.UserRegistration" tests="1" failures="0" timestamp="12 May 2018 16:31:08 GMT" time="25.167" errors="0">
  <testcase name="registerUser" time="25.167" classname="com.imdb.testscripts.UserRegistration"/>
</testsuite> <!-- com.imdb.testscripts.UserRegistration -->
