<?xml version="1.0" encoding="UTF-8"?>
<!-- Generated by org.testng.reporters.JUnitReportReporter -->
<testsuite skipped="0" hostname="360LP030-PC" name="com.imdb.testscripts.BasicNavigation" tests="1" failures="0" timestamp="11 May 2018 19:54:59 GMT" time="14.307" errors="0">
  <testcase name="navigationToDesiredSeries" time="14.307" classname="com.imdb.testscripts.BasicNavigation"/>
</testsuite> <!-- com.imdb.testscripts.BasicNavigation -->
